18:53:04.730 [main] TRACE - Loading type system org.apache.xmlbeans.metadata.system.sXMLSCHEMA
18:53:04.736 [main] TRACE - Loading type system org.apache.xmlbeans.metadata.system.sXMLTOOLS
18:53:04.737 [main] TRACE - Reading unresolved handles for type system org.apache.xmlbeans.metadata.system.sXMLTOOLS
18:53:04.748 [main] TRACE - Finished loading type system org.apache.xmlbeans.metadata.system.sXMLTOOLS
18:53:04.749 [main] TRACE - Reading unresolved handles for type system org.apache.xmlbeans.metadata.system.sXMLSCHEMA
18:53:04.753 [main] TRACE - Finished loading type system org.apache.xmlbeans.metadata.system.sXMLSCHEMA
18:53:04.754 [main] TRACE - Reading unresolved handles for type system org.apache.xmlbeans.metadata.system.sXMLLANG
18:53:04.755 [main] TRACE - Finished loading type system org.apache.xmlbeans.metadata.system.sXMLLANG
18:53:04.756 [main] TRACE - Reading unresolved handles for type system org.apache.xmlbeans.metadata.system.sXMLCONFIG
18:53:04.757 [main] TRACE - Finished loading type system org.apache.xmlbeans.metadata.system.sXMLCONFIG
18:53:04.758 [main] TRACE - Reading unresolved handles for type system org.apache.poi.schemas.ooxml.system.ooxml
18:53:04.809 [main] TRACE - Finished loading type system org.apache.poi.schemas.ooxml.system.ooxml
18:53:04.810 [main] TRACE - Resolving type for handle themefd26doctype
18:53:04.867 [main] TRACE - Resolving type for handle stylesheet5d8bdoctype
18:53:04.871 [main] TRACE - Resolving type for handle ctstylesheet4257type
18:53:04.876 [main] TRACE - Resolving type for handle ctfonts6623type
18:53:04.879 [main] TRACE - Resolving type for handle ctfont14d8type
18:53:04.884 [main] TRACE - Resolving type for handle ctfills2c6ftype
18:53:04.887 [main] TRACE - Resolving type for handle ctfill550ctype
18:53:04.888 [main] TRACE - Resolving type for handle ctborders0d66type
18:53:04.890 [main] TRACE - Resolving type for handle ctborderf935type
18:53:04.894 [main] TRACE - Resolving type for handle ctcellxfs1322type
18:53:04.896 [main] TRACE - Resolving type for handle ctxf97f7type
18:53:04.899 [main] TRACE - Resolving type for handle ctcellstylexfsa81ftype
18:53:04.900 [main] TRACE - Resolving type for handle ctdxfsb26atype
18:53:04.902 [main] TRACE - Resolving type for handle cttablestyles872ftype
18:53:04.905 [main] TRACE - Resolving type for handle sstf81fdoctype
18:53:04.911 [main] TRACE - Resolving type for handle ctsst44f3type
18:53:04.918 [main] TRACE - Resolving type for handle ctrsta472type
18:53:04.932 [main] TRACE - Resolving type for handle workbookec17doctype
18:53:04.937 [main] TRACE - Resolving type for handle ctworkbook83c3type
18:53:04.941 [main] TRACE - Resolving type for handle ctsheets49fdtype
18:53:04.943 [main] TRACE - Resolving type for handle ctsheet4dbetype
18:53:04.945 [main] TRACE - Resolving type for handle strelationshipid1e94type
18:53:04.948 [main] TRACE - Resolving type for handle worksheetf539doctype
18:53:04.954 [main] TRACE - Resolving type for handle ctworksheet530dtype
18:53:04.960 [main] TRACE - Resolving type for handle ctsheetdata8408type
18:53:04.962 [main] TRACE - Resolving type for handle ctrowdd39type
18:53:04.968 [main] TRACE - Resolving type for handle ctcell842btype
18:53:04.980 [main] TRACE - Resolving type for handle stcellrefe4e0type
18:53:04.991 [main] TRACE - Resolving type for handle ctcols627ctype
18:53:05.053 [main] TRACE - Resolving type for handle ctcola95ftype
18:53:05.093 [main] TRACE - Resolving type for handle stxstringf179type
18:53:05.097 [main] TRACE - Resolving type for handle stcelltypebf95type
18:53:14.856 [main] INFO  - Goto my account-->Click on Login.. 
18:53:14.882 [main] DEBUG - Parsing relationship: /xl/_rels/workbook.xml.rels
18:53:14.883 [main] DEBUG - Parsing relationship: /_rels/.rels
18:53:34.850 [main] INFO  - Goto my account-->Click on Login.. 
18:53:34.869 [main] DEBUG - Parsing relationship: /xl/_rels/workbook.xml.rels
18:53:34.870 [main] DEBUG - Parsing relationship: /_rels/.rels
18:54:26.571 [main] INFO  - Goto my account-->Click on Login.. 
18:54:26.720 [main] DEBUG - Parsing relationship: /xl/_rels/workbook.xml.rels
18:54:26.723 [main] DEBUG - Parsing relationship: /_rels/.rels
18:54:26.879 [main] TRACE - Loading type system org.apache.poi.schemas.ooxml.system.ooxml
18:54:26.881 [main] TRACE - Loading type system org.apache.xmlbeans.metadata.system.sXMLCONFIG
18:54:26.882 [main] TRACE - Loading type system org.apache.xmlbeans.metadata.system.sXMLLANG
18:54:26.882 [main] TRACE - Loading type system org.apache.xmlbeans.metadata.system.sXMLSCHEMA
18:54:26.883 [main] TRACE - Loading type system org.apache.xmlbeans.metadata.system.sXMLTOOLS
18:54:26.884 [main] TRACE - Reading unresolved handles for type system org.apache.xmlbeans.metadata.system.sXMLTOOLS
18:54:26.897 [main] TRACE - Finished loading type system org.apache.xmlbeans.metadata.system.sXMLTOOLS
18:54:26.898 [main] TRACE - Reading unresolved handles for type system org.apache.xmlbeans.metadata.system.sXMLSCHEMA
18:54:26.902 [main] TRACE - Finished loading type system org.apache.xmlbeans.metadata.system.sXMLSCHEMA
18:54:26.903 [main] TRACE - Reading unresolved handles for type system org.apache.xmlbeans.metadata.system.sXMLLANG
18:54:26.905 [main] TRACE - Finished loading type system org.apache.xmlbeans.metadata.system.sXMLLANG
18:54:26.906 [main] TRACE - Reading unresolved handles for type system org.apache.xmlbeans.metadata.system.sXMLCONFIG
18:54:26.907 [main] TRACE - Finished loading type system org.apache.xmlbeans.metadata.system.sXMLCONFIG
18:54:26.908 [main] TRACE - Reading unresolved handles for type system org.apache.poi.schemas.ooxml.system.ooxml
18:54:26.962 [main] TRACE - Finished loading type system org.apache.poi.schemas.ooxml.system.ooxml
18:54:26.963 [main] TRACE - Resolving type for handle themefd26doctype
18:54:27.023 [main] TRACE - Resolving type for handle stylesheet5d8bdoctype
18:54:27.032 [main] TRACE - Resolving type for handle ctstylesheet4257type
18:54:27.037 [main] TRACE - Resolving type for handle ctfonts6623type
18:54:27.040 [main] TRACE - Resolving type for handle ctfont14d8type
18:54:27.046 [main] TRACE - Resolving type for handle ctfills2c6ftype
18:54:27.048 [main] TRACE - Resolving type for handle ctfill550ctype
18:54:27.050 [main] TRACE - Resolving type for handle ctborders0d66type
18:54:27.052 [main] TRACE - Resolving type for handle ctborderf935type
18:54:27.055 [main] TRACE - Resolving type for handle ctcellxfs1322type
18:54:27.057 [main] TRACE - Resolving type for handle ctxf97f7type
18:54:27.060 [main] TRACE - Resolving type for handle ctcellstylexfsa81ftype
18:54:27.061 [main] TRACE - Resolving type for handle ctdxfsb26atype
18:54:27.063 [main] TRACE - Resolving type for handle cttablestyles872ftype
18:54:27.066 [main] TRACE - Resolving type for handle sstf81fdoctype
18:54:27.071 [main] TRACE - Resolving type for handle ctsst44f3type
18:54:27.080 [main] TRACE - Resolving type for handle ctrsta472type
18:54:27.099 [main] TRACE - Resolving type for handle workbookec17doctype
18:54:27.104 [main] TRACE - Resolving type for handle ctworkbook83c3type
18:54:27.109 [main] TRACE - Resolving type for handle ctsheets49fdtype
18:54:27.111 [main] TRACE - Resolving type for handle ctsheet4dbetype
18:54:27.113 [main] TRACE - Resolving type for handle strelationshipid1e94type
18:54:27.115 [main] TRACE - Resolving type for handle worksheetf539doctype
18:54:27.120 [main] TRACE - Resolving type for handle ctworksheet530dtype
18:54:27.126 [main] TRACE - Resolving type for handle ctsheetdata8408type
18:54:27.128 [main] TRACE - Resolving type for handle ctrowdd39type
18:54:27.132 [main] TRACE - Resolving type for handle ctcell842btype
18:54:27.138 [main] TRACE - Resolving type for handle stcellrefe4e0type
18:54:27.146 [main] TRACE - Resolving type for handle ctcols627ctype
18:54:27.151 [main] TRACE - Resolving type for handle ctcola95ftype
18:54:27.168 [main] TRACE - Resolving type for handle stxstringf179type
18:54:27.171 [main] TRACE - Resolving type for handle stcelltypebf95type
18:54:52.562 [main] INFO  - Goto my account-->Click on Login.. 
18:54:52.721 [main] DEBUG - Parsing relationship: /xl/_rels/workbook.xml.rels
18:54:52.724 [main] DEBUG - Parsing relationship: /_rels/.rels
18:54:52.901 [main] TRACE - Loading type system org.apache.poi.schemas.ooxml.system.ooxml
18:54:52.903 [main] TRACE - Loading type system org.apache.xmlbeans.metadata.system.sXMLCONFIG
18:54:52.904 [main] TRACE - Loading type system org.apache.xmlbeans.metadata.system.sXMLLANG
18:54:52.904 [main] TRACE - Loading type system org.apache.xmlbeans.metadata.system.sXMLSCHEMA
18:54:52.905 [main] TRACE - Loading type system org.apache.xmlbeans.metadata.system.sXMLTOOLS
18:54:52.906 [main] TRACE - Reading unresolved handles for type system org.apache.xmlbeans.metadata.system.sXMLTOOLS
18:54:52.918 [main] TRACE - Finished loading type system org.apache.xmlbeans.metadata.system.sXMLTOOLS
18:54:52.920 [main] TRACE - Reading unresolved handles for type system org.apache.xmlbeans.metadata.system.sXMLSCHEMA
18:54:52.923 [main] TRACE - Finished loading type system org.apache.xmlbeans.metadata.system.sXMLSCHEMA
18:54:52.925 [main] TRACE - Reading unresolved handles for type system org.apache.xmlbeans.metadata.system.sXMLLANG
18:54:52.926 [main] TRACE - Finished loading type system org.apache.xmlbeans.metadata.system.sXMLLANG
18:54:52.927 [main] TRACE - Reading unresolved handles for type system org.apache.xmlbeans.metadata.system.sXMLCONFIG
18:54:52.928 [main] TRACE - Finished loading type system org.apache.xmlbeans.metadata.system.sXMLCONFIG
18:54:52.929 [main] TRACE - Reading unresolved handles for type system org.apache.poi.schemas.ooxml.system.ooxml
18:54:52.983 [main] TRACE - Finished loading type system org.apache.poi.schemas.ooxml.system.ooxml
18:54:52.983 [main] TRACE - Resolving type for handle themefd26doctype
18:54:53.071 [main] TRACE - Resolving type for handle stylesheet5d8bdoctype
18:54:53.079 [main] TRACE - Resolving type for handle ctstylesheet4257type
18:54:53.083 [main] TRACE - Resolving type for handle ctfonts6623type
18:54:53.086 [main] TRACE - Resolving type for handle ctfont14d8type
18:54:53.092 [main] TRACE - Resolving type for handle ctfills2c6ftype
18:54:53.094 [main] TRACE - Resolving type for handle ctfill550ctype
18:54:53.096 [main] TRACE - Resolving type for handle ctborders0d66type
18:54:53.098 [main] TRACE - Resolving type for handle ctborderf935type
18:54:53.102 [main] TRACE - Resolving type for handle ctcellxfs1322type
18:54:53.105 [main] TRACE - Resolving type for handle ctxf97f7type
18:54:53.108 [main] TRACE - Resolving type for handle ctcellstylexfsa81ftype
18:54:53.110 [main] TRACE - Resolving type for handle ctdxfsb26atype
18:54:53.113 [main] TRACE - Resolving type for handle cttablestyles872ftype
18:54:53.117 [main] TRACE - Resolving type for handle sstf81fdoctype
18:54:53.121 [main] TRACE - Resolving type for handle ctsst44f3type
18:54:53.131 [main] TRACE - Resolving type for handle ctrsta472type
18:54:53.153 [main] TRACE - Resolving type for handle workbookec17doctype
18:54:53.159 [main] TRACE - Resolving type for handle ctworkbook83c3type
18:54:53.163 [main] TRACE - Resolving type for handle ctsheets49fdtype
18:54:53.165 [main] TRACE - Resolving type for handle ctsheet4dbetype
18:54:53.167 [main] TRACE - Resolving type for handle strelationshipid1e94type
18:54:53.169 [main] TRACE - Resolving type for handle worksheetf539doctype
18:54:53.176 [main] TRACE - Resolving type for handle ctworksheet530dtype
18:54:53.182 [main] TRACE - Resolving type for handle ctsheetdata8408type
18:54:53.184 [main] TRACE - Resolving type for handle ctrowdd39type
18:54:53.188 [main] TRACE - Resolving type for handle ctcell842btype
18:54:53.194 [main] TRACE - Resolving type for handle stcellrefe4e0type
18:54:53.203 [main] TRACE - Resolving type for handle ctcols627ctype
18:54:53.207 [main] TRACE - Resolving type for handle ctcola95ftype
18:54:53.224 [main] TRACE - Resolving type for handle stxstringf179type
18:54:53.228 [main] TRACE - Resolving type for handle stcelltypebf95type
18:55:05.934 [main] INFO  - Goto my account-->Click on Login.. 
18:55:05.945 [main] DEBUG - Parsing relationship: /xl/_rels/workbook.xml.rels
18:55:05.954 [main] DEBUG - Parsing relationship: /_rels/.rels
18:55:33.948 [main] INFO  - Goto my account-->Click on Login.. 
18:55:33.976 [main] DEBUG - Parsing relationship: /xl/_rels/workbook.xml.rels
18:55:33.978 [main] DEBUG - Parsing relationship: /_rels/.rels
18:56:03.095 [main] INFO  - Goto my account-->Click on Login.. 
18:56:03.117 [main] DEBUG - Parsing relationship: /xl/_rels/workbook.xml.rels
18:56:03.118 [main] DEBUG - Parsing relationship: /_rels/.rels
18:56:32.077 [main] INFO  - Goto my account-->Click on Login.. 
18:56:32.102 [main] DEBUG - Parsing relationship: /xl/_rels/workbook.xml.rels
18:56:32.102 [main] DEBUG - Parsing relationship: /_rels/.rels
23:32:52.976 [main] INFO  - Goto my account-->Click on Login.. 
23:32:53.120 [main] DEBUG - Parsing relationship: /xl/_rels/workbook.xml.rels
23:32:53.123 [main] DEBUG - Parsing relationship: /_rels/.rels
23:32:53.277 [main] TRACE - Loading type system org.apache.poi.schemas.ooxml.system.ooxml
23:32:53.280 [main] TRACE - Loading type system org.apache.xmlbeans.metadata.system.sXMLCONFIG
23:32:53.280 [main] TRACE - Loading type system org.apache.xmlbeans.metadata.system.sXMLLANG
23:32:53.281 [main] TRACE - Loading type system org.apache.xmlbeans.metadata.system.sXMLSCHEMA
23:32:53.281 [main] TRACE - Loading type system org.apache.xmlbeans.metadata.system.sXMLTOOLS
23:32:53.282 [main] TRACE - Reading unresolved handles for type system org.apache.xmlbeans.metadata.system.sXMLTOOLS
23:32:53.293 [main] TRACE - Finished loading type system org.apache.xmlbeans.metadata.system.sXMLTOOLS
23:32:53.294 [main] TRACE - Reading unresolved handles for type system org.apache.xmlbeans.metadata.system.sXMLSCHEMA
23:32:53.298 [main] TRACE - Finished loading type system org.apache.xmlbeans.metadata.system.sXMLSCHEMA
23:32:53.299 [main] TRACE - Reading unresolved handles for type system org.apache.xmlbeans.metadata.system.sXMLLANG
23:32:53.299 [main] TRACE - Finished loading type system org.apache.xmlbeans.metadata.system.sXMLLANG
23:32:53.300 [main] TRACE - Reading unresolved handles for type system org.apache.xmlbeans.metadata.system.sXMLCONFIG
23:32:53.301 [main] TRACE - Finished loading type system org.apache.xmlbeans.metadata.system.sXMLCONFIG
23:32:53.301 [main] TRACE - Reading unresolved handles for type system org.apache.poi.schemas.ooxml.system.ooxml
23:32:53.346 [main] TRACE - Finished loading type system org.apache.poi.schemas.ooxml.system.ooxml
23:32:53.352 [main] TRACE - Resolving type for handle themefd26doctype
23:32:53.404 [main] TRACE - Resolving type for handle stylesheet5d8bdoctype
23:32:53.409 [main] TRACE - Resolving type for handle ctstylesheet4257type
23:32:53.415 [main] TRACE - Resolving type for handle ctfonts6623type
23:32:53.418 [main] TRACE - Resolving type for handle ctfont14d8type
23:32:53.422 [main] TRACE - Resolving type for handle ctfills2c6ftype
23:32:53.424 [main] TRACE - Resolving type for handle ctfill550ctype
23:32:53.426 [main] TRACE - Resolving type for handle ctborders0d66type
23:32:53.428 [main] TRACE - Resolving type for handle ctborderf935type
23:32:53.431 [main] TRACE - Resolving type for handle ctcellxfs1322type
23:32:53.434 [main] TRACE - Resolving type for handle ctxf97f7type
23:32:53.437 [main] TRACE - Resolving type for handle ctcellstylexfsa81ftype
23:32:53.440 [main] TRACE - Resolving type for handle ctdxfsb26atype
23:32:53.443 [main] TRACE - Resolving type for handle cttablestyles872ftype
23:32:53.447 [main] TRACE - Resolving type for handle sstf81fdoctype
23:32:53.450 [main] TRACE - Resolving type for handle ctsst44f3type
23:32:53.456 [main] TRACE - Resolving type for handle ctrsta472type
23:32:53.469 [main] TRACE - Resolving type for handle workbookec17doctype
23:32:53.472 [main] TRACE - Resolving type for handle ctworkbook83c3type
23:32:53.477 [main] TRACE - Resolving type for handle ctsheets49fdtype
23:32:53.479 [main] TRACE - Resolving type for handle ctsheet4dbetype
23:32:53.481 [main] TRACE - Resolving type for handle strelationshipid1e94type
23:32:53.483 [main] TRACE - Resolving type for handle worksheetf539doctype
23:32:53.487 [main] TRACE - Resolving type for handle ctworksheet530dtype
23:32:53.493 [main] TRACE - Resolving type for handle ctsheetdata8408type
23:32:53.496 [main] TRACE - Resolving type for handle ctrowdd39type
23:32:53.500 [main] TRACE - Resolving type for handle ctcell842btype
23:32:53.507 [main] TRACE - Resolving type for handle stcellrefe4e0type
23:32:53.515 [main] TRACE - Resolving type for handle ctcols627ctype
23:32:53.519 [main] TRACE - Resolving type for handle ctcola95ftype
23:32:53.534 [main] TRACE - Resolving type for handle stxstringf179type
23:32:53.537 [main] TRACE - Resolving type for handle stcelltypebf95type
23:33:06.903 [main] INFO  - Goto my account-->Click on Login.. 
23:33:06.913 [main] DEBUG - Parsing relationship: /xl/_rels/workbook.xml.rels
23:33:06.914 [main] DEBUG - Parsing relationship: /_rels/.rels
23:33:35.064 [main] INFO  - Goto my account-->Click on Login.. 
23:33:35.076 [main] DEBUG - Parsing relationship: /xl/_rels/workbook.xml.rels
23:33:35.077 [main] DEBUG - Parsing relationship: /_rels/.rels
23:34:03.077 [main] INFO  - Goto my account-->Click on Login.. 
23:34:03.090 [main] DEBUG - Parsing relationship: /xl/_rels/workbook.xml.rels
23:34:03.091 [main] DEBUG - Parsing relationship: /_rels/.rels
23:34:29.646 [main] INFO  - Goto my account-->Click on Login.. 
23:34:29.659 [main] DEBUG - Parsing relationship: /xl/_rels/workbook.xml.rels
23:34:29.660 [main] DEBUG - Parsing relationship: /_rels/.rels
22:22:52.474 [main] INFO  - Goto my account-->Click on Login.. 
22:22:52.672 [main] DEBUG - Parsing relationship: /xl/_rels/workbook.xml.rels
22:22:52.674 [main] DEBUG - Parsing relationship: /_rels/.rels
22:22:52.982 [main] TRACE - Loading type system org.apache.poi.schemas.ooxml.system.ooxml
22:22:52.985 [main] TRACE - Loading type system org.apache.xmlbeans.metadata.system.sXMLCONFIG
22:22:52.986 [main] TRACE - Loading type system org.apache.xmlbeans.metadata.system.sXMLLANG
22:22:52.987 [main] TRACE - Loading type system org.apache.xmlbeans.metadata.system.sXMLSCHEMA
22:22:52.987 [main] TRACE - Loading type system org.apache.xmlbeans.metadata.system.sXMLTOOLS
22:22:52.988 [main] TRACE - Reading unresolved handles for type system org.apache.xmlbeans.metadata.system.sXMLTOOLS
22:22:53.016 [main] TRACE - Finished loading type system org.apache.xmlbeans.metadata.system.sXMLTOOLS
22:22:53.017 [main] TRACE - Reading unresolved handles for type system org.apache.xmlbeans.metadata.system.sXMLSCHEMA
22:22:53.027 [main] TRACE - Finished loading type system org.apache.xmlbeans.metadata.system.sXMLSCHEMA
22:22:53.029 [main] TRACE - Reading unresolved handles for type system org.apache.xmlbeans.metadata.system.sXMLLANG
22:22:53.030 [main] TRACE - Finished loading type system org.apache.xmlbeans.metadata.system.sXMLLANG
22:22:53.031 [main] TRACE - Reading unresolved handles for type system org.apache.xmlbeans.metadata.system.sXMLCONFIG
22:22:53.032 [main] TRACE - Finished loading type system org.apache.xmlbeans.metadata.system.sXMLCONFIG
22:22:53.033 [main] TRACE - Reading unresolved handles for type system org.apache.poi.schemas.ooxml.system.ooxml
22:22:53.142 [main] TRACE - Finished loading type system org.apache.poi.schemas.ooxml.system.ooxml
22:22:53.143 [main] TRACE - Resolving type for handle themefd26doctype
22:22:53.255 [main] TRACE - Resolving type for handle stylesheet5d8bdoctype
22:22:53.269 [main] TRACE - Resolving type for handle ctstylesheet4257type
22:22:53.276 [main] TRACE - Resolving type for handle ctfonts6623type
22:22:53.280 [main] TRACE - Resolving type for handle ctfont14d8type
22:22:53.284 [main] TRACE - Resolving type for handle ctfills2c6ftype
22:22:53.287 [main] TRACE - Resolving type for handle ctfill550ctype
22:22:53.298 [main] TRACE - Resolving type for handle ctborders0d66type
22:22:53.304 [main] TRACE - Resolving type for handle ctborderf935type
22:22:53.310 [main] TRACE - Resolving type for handle ctcellxfs1322type
22:22:53.313 [main] TRACE - Resolving type for handle ctxf97f7type
22:22:53.317 [main] TRACE - Resolving type for handle ctcellstylexfsa81ftype
22:22:53.320 [main] TRACE - Resolving type for handle ctdxfsb26atype
22:22:53.323 [main] TRACE - Resolving type for handle cttablestyles872ftype
22:22:53.329 [main] TRACE - Resolving type for handle sstf81fdoctype
22:22:53.333 [main] TRACE - Resolving type for handle ctsst44f3type
22:22:53.353 [main] TRACE - Resolving type for handle ctrsta472type
22:22:53.380 [main] TRACE - Resolving type for handle workbookec17doctype
22:22:53.385 [main] TRACE - Resolving type for handle ctworkbook83c3type
22:22:53.392 [main] TRACE - Resolving type for handle ctsheets49fdtype
22:22:53.398 [main] TRACE - Resolving type for handle ctsheet4dbetype
22:22:53.400 [main] TRACE - Resolving type for handle strelationshipid1e94type
22:22:53.408 [main] TRACE - Resolving type for handle worksheetf539doctype
22:22:53.413 [main] TRACE - Resolving type for handle ctworksheet530dtype
22:22:53.429 [main] TRACE - Resolving type for handle ctsheetdata8408type
22:22:53.443 [main] TRACE - Resolving type for handle ctrowdd39type
22:22:53.448 [main] TRACE - Resolving type for handle ctcell842btype
22:22:53.457 [main] TRACE - Resolving type for handle stcellrefe4e0type
22:22:53.465 [main] TRACE - Resolving type for handle ctcols627ctype
22:22:53.471 [main] TRACE - Resolving type for handle ctcola95ftype
22:22:53.503 [main] TRACE - Resolving type for handle stxstringf179type
22:22:53.506 [main] TRACE - Resolving type for handle stcelltypebf95type
22:23:05.244 [main] INFO  - Goto my account-->Click on Login.. 
22:23:05.280 [main] DEBUG - Parsing relationship: /xl/_rels/workbook.xml.rels
22:23:05.285 [main] DEBUG - Parsing relationship: /_rels/.rels
22:23:31.027 [main] INFO  - Goto my account-->Click on Login.. 
22:23:31.052 [main] DEBUG - Parsing relationship: /xl/_rels/workbook.xml.rels
22:23:31.053 [main] DEBUG - Parsing relationship: /_rels/.rels
22:23:58.996 [main] INFO  - Goto my account-->Click on Login.. 
22:23:59.004 [main] DEBUG - Parsing relationship: /xl/_rels/workbook.xml.rels
22:23:59.005 [main] DEBUG - Parsing relationship: /_rels/.rels
22:24:24.522 [main] INFO  - Goto my account-->Click on Login.. 
22:24:24.528 [main] DEBUG - Parsing relationship: /xl/_rels/workbook.xml.rels
22:24:24.529 [main] DEBUG - Parsing relationship: /_rels/.rels
22:25:22.156 [main] INFO  - Goto my account-->Click on Login.. 
22:25:22.321 [main] DEBUG - Parsing relationship: /xl/_rels/workbook.xml.rels
22:25:22.324 [main] DEBUG - Parsing relationship: /_rels/.rels
22:25:22.592 [main] TRACE - Loading type system org.apache.poi.schemas.ooxml.system.ooxml
22:25:22.597 [main] TRACE - Loading type system org.apache.xmlbeans.metadata.system.sXMLCONFIG
22:25:22.597 [main] TRACE - Loading type system org.apache.xmlbeans.metadata.system.sXMLLANG
22:25:22.598 [main] TRACE - Loading type system org.apache.xmlbeans.metadata.system.sXMLSCHEMA
22:25:22.598 [main] TRACE - Loading type system org.apache.xmlbeans.metadata.system.sXMLTOOLS
22:25:22.599 [main] TRACE - Reading unresolved handles for type system org.apache.xmlbeans.metadata.system.sXMLTOOLS
22:25:22.621 [main] TRACE - Finished loading type system org.apache.xmlbeans.metadata.system.sXMLTOOLS
22:25:22.622 [main] TRACE - Reading unresolved handles for type system org.apache.xmlbeans.metadata.system.sXMLSCHEMA
22:25:22.627 [main] TRACE - Finished loading type system org.apache.xmlbeans.metadata.system.sXMLSCHEMA
22:25:22.629 [main] TRACE - Reading unresolved handles for type system org.apache.xmlbeans.metadata.system.sXMLLANG
22:25:22.630 [main] TRACE - Finished loading type system org.apache.xmlbeans.metadata.system.sXMLLANG
22:25:22.631 [main] TRACE - Reading unresolved handles for type system org.apache.xmlbeans.metadata.system.sXMLCONFIG
22:25:22.632 [main] TRACE - Finished loading type system org.apache.xmlbeans.metadata.system.sXMLCONFIG
22:25:22.634 [main] TRACE - Reading unresolved handles for type system org.apache.poi.schemas.ooxml.system.ooxml
22:25:22.734 [main] TRACE - Finished loading type system org.apache.poi.schemas.ooxml.system.ooxml
22:25:22.734 [main] TRACE - Resolving type for handle themefd26doctype
22:25:22.834 [main] TRACE - Resolving type for handle stylesheet5d8bdoctype
22:25:22.839 [main] TRACE - Resolving type for handle ctstylesheet4257type
22:25:22.856 [main] TRACE - Resolving type for handle ctfonts6623type
22:25:22.860 [main] TRACE - Resolving type for handle ctfont14d8type
22:25:22.868 [main] TRACE - Resolving type for handle ctfills2c6ftype
22:25:22.870 [main] TRACE - Resolving type for handle ctfill550ctype
22:25:22.872 [main] TRACE - Resolving type for handle ctborders0d66type
22:25:22.874 [main] TRACE - Resolving type for handle ctborderf935type
22:25:22.878 [main] TRACE - Resolving type for handle ctcellxfs1322type
22:25:22.881 [main] TRACE - Resolving type for handle ctxf97f7type
22:25:22.884 [main] TRACE - Resolving type for handle ctcellstylexfsa81ftype
22:25:22.887 [main] TRACE - Resolving type for handle ctdxfsb26atype
22:25:22.889 [main] TRACE - Resolving type for handle cttablestyles872ftype
22:25:22.905 [main] TRACE - Resolving type for handle sstf81fdoctype
22:25:22.913 [main] TRACE - Resolving type for handle ctsst44f3type
22:25:22.925 [main] TRACE - Resolving type for handle ctrsta472type
22:25:22.951 [main] TRACE - Resolving type for handle workbookec17doctype
22:25:22.966 [main] TRACE - Resolving type for handle ctworkbook83c3type
22:25:22.980 [main] TRACE - Resolving type for handle ctsheets49fdtype
22:25:22.983 [main] TRACE - Resolving type for handle ctsheet4dbetype
22:25:22.985 [main] TRACE - Resolving type for handle strelationshipid1e94type
22:25:22.989 [main] TRACE - Resolving type for handle worksheetf539doctype
22:25:22.995 [main] TRACE - Resolving type for handle ctworksheet530dtype
22:25:23.010 [main] TRACE - Resolving type for handle ctsheetdata8408type
22:25:23.014 [main] TRACE - Resolving type for handle ctrowdd39type
22:25:23.019 [main] TRACE - Resolving type for handle ctcell842btype
22:25:23.028 [main] TRACE - Resolving type for handle stcellrefe4e0type
22:25:23.036 [main] TRACE - Resolving type for handle ctcols627ctype
22:25:23.041 [main] TRACE - Resolving type for handle ctcola95ftype
22:25:23.071 [main] TRACE - Resolving type for handle stxstringf179type
22:25:23.074 [main] TRACE - Resolving type for handle stcelltypebf95type
22:25:41.574 [main] INFO  - Goto my account-->Click on Login.. 
22:25:41.593 [main] DEBUG - Parsing relationship: /xl/_rels/workbook.xml.rels
22:25:41.595 [main] DEBUG - Parsing relationship: /_rels/.rels
22:26:13.357 [main] INFO  - Goto my account-->Click on Login.. 
22:26:13.374 [main] DEBUG - Parsing relationship: /xl/_rels/workbook.xml.rels
22:26:13.377 [main] DEBUG - Parsing relationship: /_rels/.rels
22:26:45.509 [main] INFO  - Goto my account-->Click on Login.. 
22:26:45.518 [main] DEBUG - Parsing relationship: /xl/_rels/workbook.xml.rels
22:26:45.518 [main] DEBUG - Parsing relationship: /_rels/.rels
22:27:14.644 [main] INFO  - Goto my account-->Click on Login.. 
22:27:14.659 [main] DEBUG - Parsing relationship: /xl/_rels/workbook.xml.rels
22:27:14.660 [main] DEBUG - Parsing relationship: /_rels/.rels
22:31:09.215 [main] INFO  - Goto my account-->Click on Login.. 
22:31:09.435 [main] DEBUG - Parsing relationship: /xl/_rels/workbook.xml.rels
22:31:09.440 [main] DEBUG - Parsing relationship: /_rels/.rels
22:31:09.728 [main] TRACE - Loading type system org.apache.poi.schemas.ooxml.system.ooxml
22:31:09.730 [main] TRACE - Loading type system org.apache.xmlbeans.metadata.system.sXMLCONFIG
22:31:09.731 [main] TRACE - Loading type system org.apache.xmlbeans.metadata.system.sXMLLANG
22:31:09.731 [main] TRACE - Loading type system org.apache.xmlbeans.metadata.system.sXMLSCHEMA
22:31:09.732 [main] TRACE - Loading type system org.apache.xmlbeans.metadata.system.sXMLTOOLS
22:31:09.743 [main] TRACE - Reading unresolved handles for type system org.apache.xmlbeans.metadata.system.sXMLTOOLS
22:31:09.757 [main] TRACE - Finished loading type system org.apache.xmlbeans.metadata.system.sXMLTOOLS
22:31:09.758 [main] TRACE - Reading unresolved handles for type system org.apache.xmlbeans.metadata.system.sXMLSCHEMA
22:31:09.762 [main] TRACE - Finished loading type system org.apache.xmlbeans.metadata.system.sXMLSCHEMA
22:31:09.763 [main] TRACE - Reading unresolved handles for type system org.apache.xmlbeans.metadata.system.sXMLLANG
22:31:09.764 [main] TRACE - Finished loading type system org.apache.xmlbeans.metadata.system.sXMLLANG
22:31:09.768 [main] TRACE - Reading unresolved handles for type system org.apache.xmlbeans.metadata.system.sXMLCONFIG
22:31:09.770 [main] TRACE - Finished loading type system org.apache.xmlbeans.metadata.system.sXMLCONFIG
22:31:09.771 [main] TRACE - Reading unresolved handles for type system org.apache.poi.schemas.ooxml.system.ooxml
22:31:09.843 [main] TRACE - Finished loading type system org.apache.poi.schemas.ooxml.system.ooxml
22:31:09.844 [main] TRACE - Resolving type for handle themefd26doctype
22:31:09.915 [main] TRACE - Resolving type for handle stylesheet5d8bdoctype
22:31:09.922 [main] TRACE - Resolving type for handle ctstylesheet4257type
22:31:09.935 [main] TRACE - Resolving type for handle ctfonts6623type
22:31:09.938 [main] TRACE - Resolving type for handle ctfont14d8type
22:31:09.947 [main] TRACE - Resolving type for handle ctfills2c6ftype
22:31:09.949 [main] TRACE - Resolving type for handle ctfill550ctype
22:31:09.951 [main] TRACE - Resolving type for handle ctborders0d66type
22:31:09.952 [main] TRACE - Resolving type for handle ctborderf935type
22:31:09.955 [main] TRACE - Resolving type for handle ctcellxfs1322type
22:31:09.966 [main] TRACE - Resolving type for handle ctxf97f7type
22:31:09.970 [main] TRACE - Resolving type for handle ctcellstylexfsa81ftype
22:31:09.974 [main] TRACE - Resolving type for handle ctdxfsb26atype
22:31:09.976 [main] TRACE - Resolving type for handle cttablestyles872ftype
22:31:09.980 [main] TRACE - Resolving type for handle sstf81fdoctype
22:31:09.983 [main] TRACE - Resolving type for handle ctsst44f3type
22:31:09.990 [main] TRACE - Resolving type for handle ctrsta472type
22:31:10.013 [main] TRACE - Resolving type for handle workbookec17doctype
22:31:10.018 [main] TRACE - Resolving type for handle ctworkbook83c3type
22:31:10.023 [main] TRACE - Resolving type for handle ctsheets49fdtype
22:31:10.026 [main] TRACE - Resolving type for handle ctsheet4dbetype
22:31:10.029 [main] TRACE - Resolving type for handle strelationshipid1e94type
22:31:10.033 [main] TRACE - Resolving type for handle worksheetf539doctype
22:31:10.040 [main] TRACE - Resolving type for handle ctworksheet530dtype
22:31:10.049 [main] TRACE - Resolving type for handle ctsheetdata8408type
22:31:10.051 [main] TRACE - Resolving type for handle ctrowdd39type
22:31:10.065 [main] TRACE - Resolving type for handle ctcell842btype
22:31:10.071 [main] TRACE - Resolving type for handle stcellrefe4e0type
22:31:10.079 [main] TRACE - Resolving type for handle ctcols627ctype
22:31:10.083 [main] TRACE - Resolving type for handle ctcola95ftype
22:31:10.111 [main] TRACE - Resolving type for handle stxstringf179type
22:31:10.114 [main] TRACE - Resolving type for handle stcelltypebf95type
22:31:25.520 [main] INFO  - Goto my account-->Click on Login.. 
22:31:25.531 [main] DEBUG - Parsing relationship: /xl/_rels/workbook.xml.rels
22:31:25.532 [main] DEBUG - Parsing relationship: /_rels/.rels
22:31:55.989 [main] INFO  - Goto my account-->Click on Login.. 
22:31:56.020 [main] DEBUG - Parsing relationship: /xl/_rels/workbook.xml.rels
22:31:56.021 [main] DEBUG - Parsing relationship: /_rels/.rels
22:32:27.869 [main] INFO  - Goto my account-->Click on Login.. 
22:32:27.876 [main] DEBUG - Parsing relationship: /xl/_rels/workbook.xml.rels
22:32:27.877 [main] DEBUG - Parsing relationship: /_rels/.rels
22:33:00.253 [main] INFO  - Goto my account-->Click on Login.. 
22:33:00.262 [main] DEBUG - Parsing relationship: /xl/_rels/workbook.xml.rels
22:33:00.262 [main] DEBUG - Parsing relationship: /_rels/.rels
22:34:45.430 [main] INFO  - Goto my account-->Click on Login.. 
22:34:45.635 [main] DEBUG - Parsing relationship: /xl/_rels/workbook.xml.rels
22:34:45.639 [main] DEBUG - Parsing relationship: /_rels/.rels
22:34:45.896 [main] TRACE - Loading type system org.apache.poi.schemas.ooxml.system.ooxml
22:34:45.898 [main] TRACE - Loading type system org.apache.xmlbeans.metadata.system.sXMLCONFIG
22:34:45.899 [main] TRACE - Loading type system org.apache.xmlbeans.metadata.system.sXMLLANG
22:34:45.899 [main] TRACE - Loading type system org.apache.xmlbeans.metadata.system.sXMLSCHEMA
22:34:45.907 [main] TRACE - Loading type system org.apache.xmlbeans.metadata.system.sXMLTOOLS
22:34:45.909 [main] TRACE - Reading unresolved handles for type system org.apache.xmlbeans.metadata.system.sXMLTOOLS
22:34:45.926 [main] TRACE - Finished loading type system org.apache.xmlbeans.metadata.system.sXMLTOOLS
22:34:45.927 [main] TRACE - Reading unresolved handles for type system org.apache.xmlbeans.metadata.system.sXMLSCHEMA
22:34:45.940 [main] TRACE - Finished loading type system org.apache.xmlbeans.metadata.system.sXMLSCHEMA
22:34:45.941 [main] TRACE - Reading unresolved handles for type system org.apache.xmlbeans.metadata.system.sXMLLANG
22:34:45.942 [main] TRACE - Finished loading type system org.apache.xmlbeans.metadata.system.sXMLLANG
22:34:45.943 [main] TRACE - Reading unresolved handles for type system org.apache.xmlbeans.metadata.system.sXMLCONFIG
22:34:45.944 [main] TRACE - Finished loading type system org.apache.xmlbeans.metadata.system.sXMLCONFIG
22:34:45.945 [main] TRACE - Reading unresolved handles for type system org.apache.poi.schemas.ooxml.system.ooxml
22:34:46.009 [main] TRACE - Finished loading type system org.apache.poi.schemas.ooxml.system.ooxml
22:34:46.019 [main] TRACE - Resolving type for handle themefd26doctype
22:34:46.096 [main] TRACE - Resolving type for handle stylesheet5d8bdoctype
22:34:46.102 [main] TRACE - Resolving type for handle ctstylesheet4257type
22:34:46.120 [main] TRACE - Resolving type for handle ctfonts6623type
22:34:46.123 [main] TRACE - Resolving type for handle ctfont14d8type
22:34:46.129 [main] TRACE - Resolving type for handle ctfills2c6ftype
22:34:46.131 [main] TRACE - Resolving type for handle ctfill550ctype
22:34:46.133 [main] TRACE - Resolving type for handle ctborders0d66type
22:34:46.144 [main] TRACE - Resolving type for handle ctborderf935type
22:34:46.149 [main] TRACE - Resolving type for handle ctcellxfs1322type
22:34:46.151 [main] TRACE - Resolving type for handle ctxf97f7type
22:34:46.155 [main] TRACE - Resolving type for handle ctcellstylexfsa81ftype
22:34:46.157 [main] TRACE - Resolving type for handle ctdxfsb26atype
22:34:46.159 [main] TRACE - Resolving type for handle cttablestyles872ftype
22:34:46.162 [main] TRACE - Resolving type for handle sstf81fdoctype
22:34:46.176 [main] TRACE - Resolving type for handle ctsst44f3type
22:34:46.190 [main] TRACE - Resolving type for handle ctrsta472type
22:34:46.207 [main] TRACE - Resolving type for handle workbookec17doctype
22:34:46.211 [main] TRACE - Resolving type for handle ctworkbook83c3type
22:34:46.231 [main] TRACE - Resolving type for handle ctsheets49fdtype
22:34:46.234 [main] TRACE - Resolving type for handle ctsheet4dbetype
22:34:46.236 [main] TRACE - Resolving type for handle strelationshipid1e94type
22:34:46.239 [main] TRACE - Resolving type for handle worksheetf539doctype
22:34:46.245 [main] TRACE - Resolving type for handle ctworksheet530dtype
22:34:46.251 [main] TRACE - Resolving type for handle ctsheetdata8408type
22:34:46.254 [main] TRACE - Resolving type for handle ctrowdd39type
22:34:46.259 [main] TRACE - Resolving type for handle ctcell842btype
22:34:46.268 [main] TRACE - Resolving type for handle stcellrefe4e0type
22:34:46.288 [main] TRACE - Resolving type for handle ctcols627ctype
22:34:46.294 [main] TRACE - Resolving type for handle ctcola95ftype
22:34:46.320 [main] TRACE - Resolving type for handle stxstringf179type
22:34:46.323 [main] TRACE - Resolving type for handle stcelltypebf95type
22:35:06.348 [main] INFO  - Goto my account-->Click on Login.. 
22:35:06.363 [main] DEBUG - Parsing relationship: /xl/_rels/workbook.xml.rels
22:35:06.364 [main] DEBUG - Parsing relationship: /_rels/.rels
22:35:38.310 [main] INFO  - Goto my account-->Click on Login.. 
22:35:38.315 [main] DEBUG - Parsing relationship: /xl/_rels/workbook.xml.rels
22:35:38.316 [main] DEBUG - Parsing relationship: /_rels/.rels
22:36:11.072 [main] INFO  - Goto my account-->Click on Login.. 
22:36:11.088 [main] DEBUG - Parsing relationship: /xl/_rels/workbook.xml.rels
22:36:11.089 [main] DEBUG - Parsing relationship: /_rels/.rels
22:36:43.855 [main] INFO  - Goto my account-->Click on Login.. 
22:36:43.863 [main] DEBUG - Parsing relationship: /xl/_rels/workbook.xml.rels
22:36:43.863 [main] DEBUG - Parsing relationship: /_rels/.rels
